<?xml version="1.0" encoding="utf-8"?><testsuites name="pytest tests"><testsuite name="pytest" errors="0" failures="0" skipped="0" tests="21" time="3.387" timestamp="2026-05-06T16:10:59.783216+00:00" hostname="agent-env-52931014-d3a9-457a-b8af-2d5f3a711dce"><testcase classname="backend.tests.test_backend.TestParseName" name="test_paren_pcs" time="0.261" /><testcase classname="backend.tests.test_backend.TestParseName" name="test_paren_pkt" time="0.074" /><testcase classname="backend.tests.test_backend.TestParseName" name="test_inline_roll" time="0.070" /><testcase classname="backend.tests.test_backend.TestCategories" name="test_create" time="0.095" /><testcase classname="backend.tests.test_backend.TestCategories" name="test_list" time="0.073" /><testcase classname="backend.tests.test_backend.TestCategories" name="test_delete" time="0.085" /><testcase classname="backend.tests.test_backend.TestProducts" name="test_create_autoparse" time="0.087" /><testcase classname="backend.tests.test_backend.TestProducts" name="test_get" time="0.105" /><testcase classname="backend.tests.test_backend.TestProducts" name="test_list_filters" time="0.219" /><testcase classname="backend.tests.test_backend.TestProducts" name="test_update" time="0.148" /><testcase classname="backend.tests.test_backend.TestProducts" name="test_delete" time="0.139" /><testcase classname="backend.tests.test_backend.TestDashboard" name="test_stats" time="0.080" /><testcase classname="backend.tests.test_backend.TestImages" name="test_upload" time="0.084" /><testcase classname="backend.tests.test_backend.TestImages" name="test_serve" time="0.090" /><testcase classname="backend.tests.test_backend.TestImages" name="test_unmatched_contains" time="0.085" /><testcase classname="backend.tests.test_backend.TestImages" name="test_missing_products" time="0.145" /><testcase classname="backend.tests.test_backend.TestImages" name="test_assign" time="0.220" /><testcase classname="backend.tests.test_backend.TestImages" name="test_delete_image" time="0.264" /><testcase classname="backend.tests.test_backend.TestImportExport" name="test_import_csv" time="0.588" /><testcase classname="backend.tests.test_backend.TestImportExport" name="test_export_csv" time="0.076" /><testcase classname="backend.tests.test_backend.TestImportExport" name="test_export_xlsx" time="0.268" /></testsuite></testsuites>